d:\201501060807李杰\planegame\debug\planegame.pch
d:\201501060807李杰\planegame\debug\vc120.pdb
d:\201501060807李杰\planegame\debug\vc120.idb
d:\201501060807李杰\planegame\debug\planegame.pchast
d:\201501060807李杰\planegame\debug\stdafx.nativecodeanalysis.xml
d:\201501060807李杰\planegame\debug\stdafx.obj
d:\201501060807李杰\planegame\debug\background.nativecodeanalysis.xml
d:\201501060807李杰\planegame\debug\ball.nativecodeanalysis.xml
d:\201501060807李杰\planegame\debug\bomb.nativecodeanalysis.xml
d:\201501060807李杰\planegame\debug\bomb2.nativecodeanalysis.xml
d:\201501060807李杰\planegame\debug\boss.nativecodeanalysis.xml
d:\201501060807李杰\planegame\debug\cloud.nativecodeanalysis.xml
d:\201501060807李杰\planegame\debug\cri.nativecodeanalysis.xml
d:\201501060807李杰\planegame\debug\enemy.nativecodeanalysis.xml
d:\201501060807李杰\planegame\debug\explosion.nativecodeanalysis.xml
d:\201501060807李杰\planegame\debug\gameobject.nativecodeanalysis.xml
d:\201501060807李杰\planegame\debug\item.nativecodeanalysis.xml
d:\201501060807李杰\planegame\debug\laser.nativecodeanalysis.xml
d:\201501060807李杰\planegame\debug\mainfrm.nativecodeanalysis.xml
d:\201501060807李杰\planegame\debug\myplane.nativecodeanalysis.xml
d:\201501060807李杰\planegame\debug\planegame.nativecodeanalysis.xml
d:\201501060807李杰\planegame\debug\planegamedoc.nativecodeanalysis.xml
d:\201501060807李杰\planegame\debug\planegameview.nativecodeanalysis.xml
d:\201501060807李杰\planegame\debug\recover.nativecodeanalysis.xml
d:\201501060807李杰\planegame\debug\recover.obj
d:\201501060807李杰\planegame\debug\planegameview.obj
d:\201501060807李杰\planegame\debug\planegamedoc.obj
d:\201501060807李杰\planegame\debug\planegame.obj
d:\201501060807李杰\planegame\debug\myplane.obj
d:\201501060807李杰\planegame\debug\mainfrm.obj
d:\201501060807李杰\planegame\debug\laser.obj
d:\201501060807李杰\planegame\debug\item.obj
d:\201501060807李杰\planegame\debug\gameobject.obj
d:\201501060807李杰\planegame\debug\explosion.obj
d:\201501060807李杰\planegame\debug\enemy.obj
d:\201501060807李杰\planegame\debug\cri.obj
d:\201501060807李杰\planegame\debug\cloud.obj
d:\201501060807李杰\planegame\debug\boss.obj
d:\201501060807李杰\planegame\debug\bomb2.obj
d:\201501060807李杰\planegame\debug\bomb.obj
d:\201501060807李杰\planegame\debug\ball.obj
d:\201501060807李杰\planegame\debug\background.obj
h:\webstudy\201501060807李杰\planegame\debug\planegame.pch
h:\webstudy\201501060807李杰\planegame\debug\vc120.pdb
h:\webstudy\201501060807李杰\planegame\debug\vc120.idb
h:\webstudy\201501060807李杰\planegame\debug\planegame.pchast
h:\webstudy\201501060807李杰\planegame\debug\stdafx.nativecodeanalysis.xml
h:\webstudy\201501060807李杰\planegame\debug\stdafx.obj
h:\webstudy\201501060807李杰\planegame\debug\background.nativecodeanalysis.xml
h:\webstudy\201501060807李杰\planegame\debug\ball.nativecodeanalysis.xml
h:\webstudy\201501060807李杰\planegame\debug\bomb.nativecodeanalysis.xml
h:\webstudy\201501060807李杰\planegame\debug\bomb2.nativecodeanalysis.xml
h:\webstudy\201501060807李杰\planegame\debug\boss.nativecodeanalysis.xml
h:\webstudy\201501060807李杰\planegame\debug\cloud.nativecodeanalysis.xml
h:\webstudy\201501060807李杰\planegame\debug\cri.nativecodeanalysis.xml
h:\webstudy\201501060807李杰\planegame\debug\enemy.nativecodeanalysis.xml
h:\webstudy\201501060807李杰\planegame\debug\explosion.nativecodeanalysis.xml
h:\webstudy\201501060807李杰\planegame\debug\gameobject.nativecodeanalysis.xml
h:\webstudy\201501060807李杰\planegame\debug\item.nativecodeanalysis.xml
h:\webstudy\201501060807李杰\planegame\debug\laser.nativecodeanalysis.xml
h:\webstudy\201501060807李杰\planegame\debug\mainfrm.nativecodeanalysis.xml
h:\webstudy\201501060807李杰\planegame\debug\myplane.nativecodeanalysis.xml
h:\webstudy\201501060807李杰\planegame\debug\planegame.nativecodeanalysis.xml
h:\webstudy\201501060807李杰\planegame\debug\planegamedoc.nativecodeanalysis.xml
h:\webstudy\201501060807李杰\planegame\debug\planegameview.nativecodeanalysis.xml
h:\webstudy\201501060807李杰\planegame\debug\recover.nativecodeanalysis.xml
h:\webstudy\201501060807李杰\planegame\debug\recover.obj
h:\webstudy\201501060807李杰\planegame\debug\planegameview.obj
h:\webstudy\201501060807李杰\planegame\debug\planegamedoc.obj
h:\webstudy\201501060807李杰\planegame\debug\planegame.obj
h:\webstudy\201501060807李杰\planegame\debug\myplane.obj
h:\webstudy\201501060807李杰\planegame\debug\mainfrm.obj
h:\webstudy\201501060807李杰\planegame\debug\laser.obj
h:\webstudy\201501060807李杰\planegame\debug\item.obj
h:\webstudy\201501060807李杰\planegame\debug\gameobject.obj
h:\webstudy\201501060807李杰\planegame\debug\explosion.obj
h:\webstudy\201501060807李杰\planegame\debug\enemy.obj
h:\webstudy\201501060807李杰\planegame\debug\cri.obj
h:\webstudy\201501060807李杰\planegame\debug\cloud.obj
h:\webstudy\201501060807李杰\planegame\debug\boss.obj
h:\webstudy\201501060807李杰\planegame\debug\bomb2.obj
h:\webstudy\201501060807李杰\planegame\debug\bomb.obj
h:\webstudy\201501060807李杰\planegame\debug\ball.obj
h:\webstudy\201501060807李杰\planegame\debug\background.obj
d:\201501060807李杰\debug\planegame.ilk
d:\201501060807李杰\debug\planegame.exe
d:\201501060807李杰\debug\planegame.pdb
h:\webstudy\201501060807李杰\debug\planegame.ilk
h:\webstudy\201501060807李杰\debug\planegame.exe
h:\webstudy\201501060807李杰\debug\planegame.pdb
d:\201501060807李杰\planegame\debug\planegame.res
h:\webstudy\201501060807李杰\planegame\debug\planegame.res
h:\webstudy\201501060807李杰\planegame\debug\planegame.tlog\cl.command.1.tlog
h:\webstudy\201501060807李杰\planegame\debug\planegame.tlog\cl.read.1.tlog
h:\webstudy\201501060807李杰\planegame\debug\planegame.tlog\cl.write.1.tlog
h:\webstudy\201501060807李杰\planegame\debug\planegame.tlog\link.command.1.tlog
h:\webstudy\201501060807李杰\planegame\debug\planegame.tlog\link.read.1.tlog
h:\webstudy\201501060807李杰\planegame\debug\planegame.tlog\link.write.1.tlog
h:\webstudy\201501060807李杰\planegame\debug\planegame.tlog\rc.command.1.tlog
h:\webstudy\201501060807李杰\planegame\debug\planegame.tlog\rc.read.1.tlog
h:\webstudy\201501060807李杰\planegame\debug\planegame.tlog\rc.write.1.tlog
